\BOOKMARK [0][]{anchor:title.0}{Desenvolvimento de um sistema de microscopia digital para classifica\347\343o autom\341tica de tipos de hematita em min\351rio de ferro}{}% 1
\BOOKMARK [0][]{anchor:abstract.0}{Resumo}{}% 2
\BOOKMARK [0][]{anchor:contents.0}{Sum\341rio}{}% 3
\BOOKMARK [0][]{chapter.1}{Introdu\347\343o}{}% 4
\BOOKMARK [0][]{chapter.2}{Revis\343o Bibliogr\341fica}{}% 5
\BOOKMARK [1][]{section.2.1}{Min\351rio de Ferro}{chapter.2}% 6
\BOOKMARK [2][]{subsection.2.1.1}{Hematita}{section.2.1}% 7
\BOOKMARK [1][]{section.2.2}{Microscopia Digital}{chapter.2}% 8
\BOOKMARK [2][]{subsection.2.2.1}{Polariza\347\343o da Luz}{section.2.2}% 9
\BOOKMARK [1][]{section.2.3}{Processamento e An\341lise Digital de Imagens}{chapter.2}% 10
\BOOKMARK [2][]{subsection.2.3.1}{Pr\351-processamento}{section.2.3}% 11
\BOOKMARK [3][]{subsubsection.2.3.1.1}{Registro de imagem}{subsection.2.3.1}% 12
\BOOKMARK [3][]{subsubsection.2.3.1.2}{Delinea\347\343o}{subsection.2.3.1}% 13
\BOOKMARK [3][]{subsubsection.2.3.1.3}{Filtro Mediana}{subsection.2.3.1}% 14
\BOOKMARK [2][]{subsection.2.3.2}{T\351cnicas de segmenta\347\343o}{section.2.3}% 15
\BOOKMARK [3][]{subsubsection.2.3.2.1}{Limiariza\347\343o}{subsection.2.3.2}% 16
\BOOKMARK [3][]{subsubsection.2.3.2.2}{Segmenta\347\343o por Contornos}{subsection.2.3.2}% 17
\BOOKMARK [3][]{subsubsection.2.3.2.3}{Crescimento de Regi\365es}{subsection.2.3.2}% 18
\BOOKMARK [2][]{subsection.2.3.3}{P\363s-processamento}{section.2.3}% 19
\BOOKMARK [3][]{subsubsection.2.3.3.1}{Opera\347\365es L\363gicas}{subsection.2.3.3}% 20
\BOOKMARK [3][]{subsubsection.2.3.3.2}{Opera\347\365es Morfol\363gicas}{subsection.2.3.3}% 21
\BOOKMARK [2][]{subsection.2.3.4}{Extra\347\343o de Atributos}{section.2.3}% 22
\BOOKMARK [2][]{subsection.2.3.5}{Reconhecimento e Classifica\347\343o}{section.2.3}% 23
\BOOKMARK [3][]{subsubsection.2.3.5.1}{Conjunto de treinamento}{subsection.2.3.5}% 24
\BOOKMARK [3][]{subsubsection.2.3.5.2}{Conjunto de caracter\355sticas}{subsection.2.3.5}% 25
\BOOKMARK [3][]{subsubsection.2.3.5.3}{Classificadores}{subsection.2.3.5}% 26
\BOOKMARK [0][]{chapter.3}{Conclus\343o e Trabalhos Futuros}{}% 27
\BOOKMARK [0][]{chapter*.2}{Refer\352ncias bibliogr\341ficas}{}% 28
\BOOKMARK [0][]{appendix.A}{Artigo da Tese Publicado em Peri\363dico}{}% 29
